<?xml version="1.0" encoding="UTF-8"?>
<!-- Generated by org.testng.reporters.JUnitReportReporter -->
<testsuite hostname="DESKTOP-83EV5B8" failures="0" tests="2" name="testclasses.HomeTest" time="1.034" errors="0" timestamp="2023-07-21T11:45:15 IST" skipped="0">
  <testcase classname="testclasses.HomeTest" name="validateTitle" time="0.038"/>
  <system-out/>
  <testcase classname="testclasses.HomeTest" name="navToSingleMalt" time="0.996"/>
  <system-out/>
</testsuite> <!-- testclasses.HomeTest -->
